2025-06-23 00:31:20 | Key: [VK_91]
2025-06-23 00:31:21 | Key: G
2025-06-23 00:31:21 | Key: I
2025-06-23 00:31:21 | Key: T
2025-06-23 00:31:22 | Key: [VK_13]
2025-06-23 00:31:34 | Key: U
2025-06-23 00:31:34 | Key: P
2025-06-23 00:31:34 | Key: D
2025-06-23 00:31:34 | Key: A
2025-06-23 00:31:34 | Key: T
2025-06-23 00:31:35 | Key: E
2025-06-23 00:31:35 | Key: [VK_32]
2025-06-23 00:31:35 | Key: C
2025-06-23 00:31:35 | Key: O
2025-06-23 00:31:36 | Key: D
2025-06-23 00:31:36 | Key: E
2025-06-23 00:31:36 | Key: [VK_32]
2025-06-23 00:31:36 | Key: F
2025-06-23 00:31:36 | Key: R
2025-06-23 00:31:37 | Key: [VK_8]
2025-06-23 00:31:37 | Key: O
2025-06-23 00:31:37 | Key: R
2025-06-23 00:31:37 | Key: [VK_32]
2025-06-23 00:31:37 | Key: A
2025-06-23 00:31:37 | Key: I
2025-06-23 00:31:38 | Key: [VK_32]
2025-06-23 00:31:38 | Key: L
2025-06-23 00:31:38 | Key: E
2025-06-23 00:31:38 | Key: A
2025-06-23 00:31:38 | Key: R
2025-06-23 00:31:38 | Key: N
2025-06-23 00:31:54 | Key: G
2025-06-23 00:31:54 | Key: I
2025-06-23 00:31:54 | Key: T
2025-06-23 00:31:54 | Key: [VK_32]
2025-06-23 00:31:54 | Key: G
2025-06-23 00:31:54 | Key: [VK_32]
2025-06-23 00:31:54 | Key: I
2025-06-23 00:31:55 | Key: T
2025-06-23 00:31:55 | Key: [VK_32]
2025-06-23 00:31:55 | Key: G
2025-06-23 00:31:55 | Key: I
2025-06-23 00:31:55 | Key: T
2025-06-23 00:31:55 | Key: [VK_32]
2025-06-23 00:31:55 | Key: G
2025-06-23 00:31:55 | Key: I
2025-06-23 00:31:56 | Key: T
2025-06-23 00:31:56 | Key: [VK_32]
2025-06-23 00:31:56 | Key: G
2025-06-23 00:31:56 | Key: I
2025-06-23 00:31:56 | Key: T
2025-06-23 00:31:56 | Key: [VK_32]
2025-06-23 00:31:56 | Key: G
2025-06-23 00:31:57 | Key: I
2025-06-23 00:31:57 | Key: T
2025-06-23 00:31:57 | Key: [VK_32]
2025-06-23 00:31:57 | Key: G
2025-06-23 00:31:57 | Key: I
2025-06-23 00:31:58 | Key: T
2025-06-23 00:31:58 | Key: [VK_8]
2025-06-23 00:31:59 | Key: [VK_8]
2025-06-23 00:31:59 | Key: [VK_8]
2025-06-23 00:31:59 | Key: [VK_8]
2025-06-23 00:31:59 | Key: [VK_8]
2025-06-23 00:31:59 | Key: [VK_8]
2025-06-23 00:31:59 | Key: [VK_8]
2025-06-23 00:31:59 | Key: [VK_8]
2025-06-23 00:31:59 | Key: [VK_8]
2025-06-23 00:31:59 | Key: [VK_8]
2025-06-23 00:31:59 | Key: [VK_8]
2025-06-23 00:31:59 | Key: [VK_8]
2025-06-23 00:31:59 | Key: [VK_8]
2025-06-23 00:31:59 | Key: [VK_162]
2025-06-23 00:31:59 | Key: A
2025-06-23 00:32:00 | Key: [VK_8]
2025-06-23 00:32:00 | Key: [VK_8]
2025-06-23 00:32:00 | Key: [VK_8]
2025-06-23 00:32:00 | Key: [VK_8]
2025-06-23 00:32:01 | Key: [VK_162]
2025-06-23 00:32:02 | Key: T
2025-06-23 00:32:02 | Key: I
2025-06-23 00:32:02 | Key: G
2025-06-23 00:32:03 | Key: [VK_164]
2025-06-23 00:32:03 | Key: [VK_9]
2025-06-23 00:32:06 | Key: [VK_164]
2025-06-23 00:32:07 | Key: [VK_9]
2025-06-23 00:32:08 | Key: [VK_164]
2025-06-23 00:32:08 | Key: [VK_9]
2025-06-23 00:32:15 | Key: [VK_8]
2025-06-23 00:32:37 | Key: [VK_160]
2025-06-23 00:32:37 | Key: H
2025-06-23 00:32:38 | Key: I
2025-06-23 00:32:38 | Key: E
2025-06-23 00:32:38 | Key: N
2025-06-23 00:32:38 | Key: 6
2025-06-23 00:32:38 | Key: [VK_8]
2025-06-23 00:32:38 | Key: [VK_8]
2025-06-23 00:32:38 | Key: [VK_231]
2025-06-23 00:32:38 | Key: [VK_231]
2025-06-23 00:32:38 | Key: 5
2025-06-23 00:32:38 | Key: [VK_8]
2025-06-23 00:32:38 | Key: [VK_8]
2025-06-23 00:32:38 | Key: [VK_231]
2025-06-23 00:32:38 | Key: [VK_231]
2025-06-23 00:32:38 | Key: [VK_32]
2025-06-23 00:32:38 | Key: T
2025-06-23 00:32:39 | Key: A
2025-06-23 00:32:39 | Key: I
2025-06-23 00:32:39 | Key: 5
2025-06-23 00:32:39 | Key: [VK_8]
2025-06-23 00:32:39 | Key: [VK_8]
2025-06-23 00:32:39 | Key: [VK_231]
2025-06-23 00:32:39 | Key: [VK_231]
2025-06-23 00:32:39 | Key: [VK_32]
2025-06-23 00:32:39 | Key: C
2025-06-23 00:32:39 | Key: H
2025-06-23 00:32:39 | Key: U
2025-06-23 00:32:40 | Key: 7
2025-06-23 00:32:40 | Key: [VK_8]
2025-06-23 00:32:40 | Key: [VK_231]
2025-06-23 00:32:40 | Key: A
2025-06-23 00:32:40 | Key: [VK_32]
2025-06-23 00:32:40 | Key: C
2025-06-23 00:32:40 | Key: O
2025-06-23 00:32:40 | Key: 1
2025-06-23 00:32:40 | Key: [VK_8]
2025-06-23 00:32:40 | Key: [VK_231]
2025-06-23 00:32:40 | Key: [VK_32]
2025-06-23 00:32:40 | Key: [VK_160]
2025-06-23 00:32:41 | Key: G
2025-06-23 00:32:41 | Key: P
2025-06-23 00:32:41 | Key: U
2025-06-23 00:32:43 | Key: [VK_8]
2025-06-23 00:32:43 | Key: [VK_8]
2025-06-23 00:32:43 | Key: [VK_8]
2025-06-23 00:32:44 | Key: [VK_160]
2025-06-23 00:32:44 | Key: G
2025-06-23 00:32:44 | Key: U
2025-06-23 00:32:44 | Key: I
2025-06-23 00:32:47 | Key: [VK_164]
2025-06-23 00:32:47 | Key: [VK_9]
2025-06-23 00:32:59 | Key: [VK_162]
2025-06-23 00:33:00 | Key: A
2025-06-23 00:33:00 | Key: C
2025-06-23 00:33:00 | Key: C
2025-06-23 00:33:00 | Key: C
2025-06-23 00:33:01 | Key: C
2025-06-23 00:33:02 | Key: [VK_162]
2025-06-23 00:33:02 | Key: A
2025-06-23 00:33:02 | Key: C
2025-06-23 00:33:03 | Key: C
2025-06-23 00:33:46 | Key: [VK_160]
2025-06-23 00:33:46 | Key: B
2025-06-23 00:33:46 | Key: A
2025-06-23 00:33:47 | Key: Y
2025-06-23 00:33:47 | Key: 6
2025-06-23 00:33:47 | Key: [VK_8]
2025-06-23 00:33:47 | Key: [VK_8]
2025-06-23 00:33:47 | Key: [VK_231]
2025-06-23 00:33:47 | Key: [VK_231]
2025-06-23 00:33:47 | Key: [VK_32]
2025-06-23 00:33:47 | Key: G
2025-06-23 00:33:47 | Key: I
2025-06-23 00:33:47 | Key: O
2025-06-23 00:33:47 | Key: P
2025-06-23 00:33:48 | Key: 7
2025-06-23 00:33:48 | Key: [VK_8]
2025-06-23 00:33:48 | Key: [VK_8]
2025-06-23 00:33:48 | Key: [VK_231]
2025-06-23 00:33:48 | Key: [VK_231]
2025-06-23 00:33:48 | Key: 2
2025-06-23 00:33:49 | Key: [VK_32]
2025-06-23 00:33:49 | Key: [VK_8]
2025-06-23 00:33:49 | Key: [VK_8]
2025-06-23 00:33:49 | Key: [VK_8]
2025-06-23 00:33:49 | Key: [VK_8]
2025-06-23 00:33:49 | Key: [VK_8]
2025-06-23 00:33:49 | Key: [VK_231]
2025-06-23 00:33:49 | Key: [VK_231]
2025-06-23 00:33:49 | Key: [VK_231]
2025-06-23 00:33:49 | Key: [VK_231]
2025-06-23 00:33:49 | Key: [VK_231]
2025-06-23 00:33:49 | Key: [VK_231]
2025-06-23 00:33:49 | Key: [VK_231]
2025-06-23 00:33:49 | Key: T
2025-06-23 00:33:49 | Key: U
2025-06-23 00:33:49 | Key: 7
2025-06-23 00:33:49 | Key: [VK_8]
2025-06-23 00:33:49 | Key: [VK_231]
2025-06-23 00:33:49 | Key: 2
2025-06-23 00:33:49 | Key: [VK_8]
2025-06-23 00:33:49 | Key: [VK_231]
2025-06-23 00:33:49 | Key: [VK_32]
2025-06-23 00:33:50 | Key: L
2025-06-23 00:33:50 | Key: O
2025-06-23 00:33:50 | Key: G
2025-06-23 00:33:50 | Key: [VK_32]
2025-06-23 00:33:50 | Key: K
2025-06-23 00:33:50 | Key: E
2025-06-23 00:33:51 | Key: Y
2025-06-23 00:33:51 | Key: L
2025-06-23 00:33:51 | Key: O
2025-06-23 00:33:51 | Key: G
2025-06-23 00:33:51 | Key: G
2025-06-23 00:33:51 | Key: E
2025-06-23 00:33:51 | Key: R
2025-06-23 00:33:52 | Key: [VK_32]
2025-06-23 00:33:52 | Key: C
2025-06-23 00:33:52 | Key: U
2025-06-23 00:33:52 | Key: A
2025-06-23 00:33:52 | Key: 3
2025-06-23 00:33:52 | Key: [VK_8]
2025-06-23 00:33:52 | Key: [VK_8]
2025-06-23 00:33:52 | Key: [VK_231]
2025-06-23 00:33:52 | Key: [VK_231]
2025-06-23 00:33:52 | Key: [VK_32]
2025-06-23 00:33:53 | Key: T
2025-06-23 00:33:53 | Key: O
2025-06-23 00:33:53 | Key: I
2025-06-23 00:33:53 | Key: 6
2025-06-23 00:33:53 | Key: [VK_8]
2025-06-23 00:33:53 | Key: [VK_8]
2025-06-23 00:33:53 | Key: [VK_231]
2025-06-23 00:33:53 | Key: [VK_231]
2025-06-23 00:33:53 | Key: [VK_32]
2025-06-23 00:33:53 | Key: C
2025-06-23 00:33:54 | Key: O
2025-06-23 00:33:54 | Key: 1
2025-06-23 00:33:54 | Key: [VK_8]
2025-06-23 00:33:54 | Key: [VK_231]
2025-06-23 00:33:54 | Key: T
2025-06-23 00:33:54 | Key: H
2025-06-23 00:33:55 | Key: [VK_8]
2025-06-23 00:33:55 | Key: [VK_8]
2025-06-23 00:33:55 | Key: [VK_32]
2025-06-23 00:33:55 | Key: T
2025-06-23 00:33:55 | Key: H
2025-06-23 00:33:55 | Key: E
2025-06-23 00:33:55 | Key: 6
2025-06-23 00:33:55 | Key: [VK_8]
2025-06-23 00:33:55 | Key: [VK_231]
2025-06-23 00:33:56 | Key: 3
2025-06-23 00:33:56 | Key: [VK_8]
2025-06-23 00:33:56 | Key: [VK_231]
2025-06-23 00:33:56 | Key: [VK_32]
2025-06-23 00:33:56 | Key: T
2025-06-23 00:33:56 | Key: R
2025-06-23 00:33:56 | Key: A
2025-06-23 00:33:56 | Key: I
2025-06-23 00:33:56 | Key: N
2025-06-23 00:33:56 | Key: [VK_32]
2025-06-23 00:33:56 | Key: M
2025-06-23 00:33:57 | Key: O
2025-06-23 00:33:57 | Key: T
2025-06-23 00:33:57 | Key: 6
2025-06-23 00:33:57 | Key: [VK_8]
2025-06-23 00:33:57 | Key: [VK_8]
2025-06-23 00:33:57 | Key: [VK_231]
2025-06-23 00:33:57 | Key: [VK_231]
2025-06-23 00:33:57 | Key: 5
2025-06-23 00:33:57 | Key: [VK_8]
2025-06-23 00:33:57 | Key: [VK_8]
2025-06-23 00:33:57 | Key: [VK_231]
2025-06-23 00:33:57 | Key: [VK_231]
2025-06-23 00:33:57 | Key: [VK_32]
2025-06-23 00:33:57 | Key: M
2025-06-23 00:33:57 | Key: O
2025-06-23 00:33:58 | Key: D
2025-06-23 00:33:58 | Key: E
2025-06-23 00:33:58 | Key: L
2025-06-23 00:34:02 | Key: [VK_32]
2025-06-23 00:34:02 | Key: D
2025-06-23 00:34:02 | Key: E
2025-06-23 00:34:02 | Key: 9
2025-06-23 00:34:02 | Key: [VK_8]
2025-06-23 00:34:02 | Key: [VK_8]
2025-06-23 00:34:02 | Key: [VK_231]
2025-06-23 00:34:02 | Key: [VK_231]
2025-06-23 00:34:02 | Key: 6
2025-06-23 00:34:02 | Key: [VK_8]
2025-06-23 00:34:02 | Key: [VK_231]
2025-06-23 00:34:02 | Key: 3
2025-06-23 00:34:02 | Key: [VK_8]
2025-06-23 00:34:02 | Key: [VK_231]
2025-06-23 00:34:03 | Key: [VK_32]
2025-06-23 00:34:03 | Key: N
2025-06-23 00:34:03 | Key: O
2025-06-23 00:34:03 | Key: 1
2025-06-23 00:34:03 | Key: [VK_8]
2025-06-23 00:34:03 | Key: [VK_231]
2025-06-23 00:34:03 | Key: [VK_32]
2025-06-23 00:34:03 | Key: P
2025-06-23 00:34:03 | Key: H
2025-06-23 00:34:04 | Key: A
2025-06-23 00:34:04 | Key: N
2025-06-23 00:34:04 | Key: 6
2025-06-23 00:34:04 | Key: [VK_8]
2025-06-23 00:34:04 | Key: [VK_8]
2025-06-23 00:34:04 | Key: [VK_231]
2025-06-23 00:34:04 | Key: [VK_231]
2025-06-23 00:34:04 | Key: [VK_32]
2025-06-23 00:34:04 | Key: T
2025-06-23 00:34:04 | Key: I
2025-06-23 00:34:04 | Key: C
2025-06-23 00:34:04 | Key: H
2025-06-23 00:34:05 | Key: 1
2025-06-23 00:34:05 | Key: [VK_8]
2025-06-23 00:34:05 | Key: [VK_8]
2025-06-23 00:34:05 | Key: [VK_8]
2025-06-23 00:34:05 | Key: [VK_231]
2025-06-23 00:34:05 | Key: [VK_231]
2025-06-23 00:34:05 | Key: [VK_231]
2025-06-23 00:34:05 | Key: [VK_32]
2025-06-23 00:34:05 | Key: V
2025-06-23 00:34:05 | Key: A
2025-06-23 00:34:05 | Key: 2
2025-06-23 00:34:05 | Key: [VK_8]
2025-06-23 00:34:05 | Key: [VK_231]
2025-06-23 00:34:05 | Key: [VK_32]
2025-06-23 00:34:05 | Key: T
2025-06-23 00:34:05 | Key: U
2025-06-23 00:34:06 | Key: 7
2025-06-23 00:34:06 | Key: [VK_8]
2025-06-23 00:34:06 | Key: [VK_231]
2025-06-23 00:34:06 | Key: 2
2025-06-23 00:34:06 | Key: [VK_8]
2025-06-23 00:34:06 | Key: [VK_231]
2025-06-23 00:34:06 | Key: [VK_32]
2025-06-23 00:34:06 | Key: D
2025-06-23 00:34:06 | Key: O
2025-06-23 00:34:06 | Key: 9
2025-06-23 00:34:06 | Key: [VK_8]
2025-06-23 00:34:06 | Key: [VK_8]
2025-06-23 00:34:06 | Key: [VK_231]
2025-06-23 00:34:06 | Key: [VK_231]
2025-06-23 00:34:06 | Key: 1
2025-06-23 00:34:06 | Key: [VK_8]
2025-06-23 00:34:06 | Key: [VK_231]
2025-06-23 00:34:06 | Key: [VK_32]
2025-06-23 00:34:07 | Key: D
2025-06-23 00:34:07 | Key: U
2025-06-23 00:34:07 | Key: 9
2025-06-23 00:34:07 | Key: [VK_8]
2025-06-23 00:34:07 | Key: [VK_8]
2025-06-23 00:34:07 | Key: [VK_231]
2025-06-23 00:34:07 | Key: [VK_231]
2025-06-23 00:34:07 | Key: 7
2025-06-23 00:34:07 | Key: [VK_8]
2025-06-23 00:34:07 | Key: [VK_231]
2025-06-23 00:34:07 | Key: A
2025-06-23 00:34:08 | Key: [VK_32]
2025-06-23 00:34:08 | Key: R
2025-06-23 00:34:08 | Key: A
2025-06-23 00:34:08 | Key: [VK_32]
2025-06-23 00:34:08 | Key: D
2025-06-23 00:34:08 | Key: U
2025-06-23 00:34:08 | Key: 7
2025-06-23 00:34:08 | Key: [VK_8]
2025-06-23 00:34:08 | Key: [VK_231]
2025-06-23 00:34:08 | Key: 5
2025-06-23 00:34:08 | Key: [VK_8]
2025-06-23 00:34:08 | Key: [VK_231]
2025-06-23 00:34:09 | Key: [VK_32]
2025-06-23 00:34:09 | Key: D
2025-06-23 00:34:09 | Key: O
2025-06-23 00:34:09 | Key: A
2025-06-23 00:34:09 | Key: N
2025-06-23 00:34:09 | Key: 9
2025-06-23 00:34:09 | Key: [VK_8]
2025-06-23 00:34:09 | Key: [VK_8]
2025-06-23 00:34:09 | Key: [VK_8]
2025-06-23 00:34:09 | Key: [VK_8]
2025-06-23 00:34:09 | Key: [VK_231]
2025-06-23 00:34:09 | Key: [VK_231]
2025-06-23 00:34:09 | Key: [VK_231]
2025-06-23 00:34:09 | Key: [VK_231]
2025-06-23 00:34:09 | Key: 1
2025-06-23 00:34:09 | Key: [VK_8]
2025-06-23 00:34:09 | Key: [VK_8]
2025-06-23 00:34:09 | Key: [VK_231]
2025-06-23 00:34:09 | Key: [VK_231]
2025-06-23 00:34:09 | Key: [VK_32]
2025-06-23 00:34:10 | Key: C
2025-06-23 00:34:10 | Key: H
2025-06-23 00:34:10 | Key: U
2025-06-23 00:34:10 | Key: 7
2025-06-23 00:34:10 | Key: [VK_8]
2025-06-23 00:34:10 | Key: [VK_231]
2025-06-23 00:34:10 | Key: 4
2025-06-23 00:34:10 | Key: [VK_8]
2025-06-23 00:34:10 | Key: [VK_231]
2025-06-23 00:34:10 | Key: [VK_32]
2025-06-23 00:34:10 | Key: S
2025-06-23 00:34:10 | Key: A
2025-06-23 00:34:11 | Key: P
2025-06-23 00:34:11 | Key: 8
2025-06-23 00:34:11 | Key: [VK_8]
2025-06-23 00:34:11 | Key: [VK_8]
2025-06-23 00:34:11 | Key: [VK_231]
2025-06-23 00:34:11 | Key: [VK_231]
2025-06-23 00:34:11 | Key: 1
2025-06-23 00:34:11 | Key: [VK_8]
2025-06-23 00:34:11 | Key: [VK_8]
2025-06-23 00:34:11 | Key: [VK_231]
2025-06-23 00:34:11 | Key: [VK_231]
2025-06-23 00:34:11 | Key: [VK_32]
2025-06-23 00:34:11 | Key: T
2025-06-23 00:34:11 | Key: O
2025-06-23 00:34:11 | Key: I
2025-06-23 00:34:12 | Key: 7
2025-06-23 00:34:12 | Key: [VK_8]
2025-06-23 00:34:12 | Key: [VK_8]
2025-06-23 00:34:12 | Key: [VK_231]
2025-06-23 00:34:12 | Key: [VK_231]
2025-06-23 00:34:12 | Key: 1
2025-06-23 00:34:12 | Key: [VK_8]
2025-06-23 00:34:12 | Key: [VK_8]
2025-06-23 00:34:12 | Key: [VK_231]
2025-06-23 00:34:12 | Key: [VK_231]
2025-06-23 00:34:12 | Key: [VK_32]
2025-06-23 00:34:12 | Key: S
2025-06-23 00:34:12 | Key: E
2025-06-23 00:34:12 | Key: 4
2025-06-23 00:34:12 | Key: [VK_8]
2025-06-23 00:34:12 | Key: [VK_231]
2025-06-23 00:34:13 | Key: [VK_32]
2025-06-23 00:34:13 | Key: D
2025-06-23 00:34:13 | Key: A
2025-06-23 00:34:13 | Key: N
2025-06-23 00:34:13 | Key: H
2025-06-23 00:34:13 | Key: 9
2025-06-23 00:34:13 | Key: [VK_8]
2025-06-23 00:34:13 | Key: [VK_8]
2025-06-23 00:34:13 | Key: [VK_8]
2025-06-23 00:34:13 | Key: [VK_8]
2025-06-23 00:34:13 | Key: [VK_231]
2025-06-23 00:34:13 | Key: [VK_231]
2025-06-23 00:34:13 | Key: [VK_231]
2025-06-23 00:34:13 | Key: [VK_231]
2025-06-23 00:34:13 | Key: 1
2025-06-23 00:34:13 | Key: [VK_8]
2025-06-23 00:34:13 | Key: [VK_8]
2025-06-23 00:34:13 | Key: [VK_8]
2025-06-23 00:34:13 | Key: [VK_231]
2025-06-23 00:34:13 | Key: [VK_231]
2025-06-23 00:34:13 | Key: [VK_231]
2025-06-23 00:34:13 | Key: [VK_32]
2025-06-23 00:34:14 | Key: L
2025-06-23 00:34:14 | Key: A
2025-06-23 00:34:14 | Key: 2
2025-06-23 00:34:14 | Key: [VK_8]
2025-06-23 00:34:14 | Key: [VK_231]
2025-06-23 00:34:14 | Key: [VK_32]
2025-06-23 00:34:14 | Key: G
2025-06-23 00:34:14 | Key: I
2025-06-23 00:34:15 | Key: 2
2025-06-23 00:34:15 | Key: [VK_8]
2025-06-23 00:34:15 | Key: [VK_231]
2025-06-23 00:34:15 | Key: [VK_32]
2025-06-23 00:34:15 | Key: K
2025-06-23 00:34:15 | Key: H
2025-06-23 00:34:15 | Key: O
2025-06-23 00:34:16 | Key: N
2025-06-23 00:34:16 | Key: G
2025-06-23 00:34:16 | Key: 6
2025-06-23 00:34:16 | Key: [VK_8]
2025-06-23 00:34:16 | Key: [VK_8]
2025-06-23 00:34:16 | Key: [VK_8]
2025-06-23 00:34:16 | Key: [VK_231]
2025-06-23 00:34:16 | Key: [VK_231]
2025-06-23 00:34:16 | Key: [VK_231]
2025-06-23 00:34:16 | Key: 5
2025-06-23 00:34:16 | Key: [VK_8]
2025-06-23 00:34:16 | Key: [VK_8]
2025-06-23 00:34:16 | Key: [VK_8]
2025-06-23 00:34:16 | Key: [VK_231]
2025-06-23 00:34:16 | Key: [VK_231]
2025-06-23 00:34:16 | Key: [VK_231]
2025-06-23 00:35:25 | Key: U
2025-06-23 00:35:25 | Key: P
2025-06-23 00:35:26 | Key: D
2025-06-23 00:35:26 | Key: A
2025-06-23 00:35:26 | Key: T
2025-06-23 00:35:26 | Key: E
2025-06-23 00:35:26 | Key: [VK_32]
2025-06-23 00:35:26 | Key: L
2025-06-23 00:35:26 | Key: O
2025-06-23 00:35:26 | Key: G
